May-10 14:49:18.401 [main] DEBUG nextflow.cli.Launcher - $> nextflow run ex3.nf
May-10 14:49:18.607 [main] INFO  nextflow.cli.CmdRun - N E X T F L O W  ~  version 21.10.6
May-10 14:49:18.646 [main] INFO  nextflow.cli.CmdRun - Launching `ex3.nf` [reverent_ampere] - revision: 87d78a151f
May-10 14:49:18.772 [main] DEBUG nextflow.plugin.PluginsFacade - Setting up plugin manager > mode=prod; plugins-dir=/users/bi/lcozzuto/.nextflow/plugins
May-10 14:49:18.775 [main] DEBUG nextflow.plugin.PluginsFacade - Plugins default=[]
May-10 14:49:18.799 [main] INFO  org.pf4j.DefaultPluginStatusProvider - Enabled plugins: []
May-10 14:49:18.801 [main] INFO  org.pf4j.DefaultPluginStatusProvider - Disabled plugins: []
May-10 14:49:18.808 [main] INFO  org.pf4j.DefaultPluginManager - PF4J version 3.4.1 in 'deployment' mode
May-10 14:49:18.828 [main] INFO  org.pf4j.AbstractPluginManager - No plugins
May-10 14:49:18.828 [main] DEBUG nextflow.plugin.PluginUpdater - Installing plugin nf-tower version: 1.3.0
May-10 14:49:18.849 [main] INFO  org.pf4j.AbstractPluginManager - Plugin 'nf-tower@1.3.0' resolved
May-10 14:49:18.850 [main] INFO  org.pf4j.AbstractPluginManager - Start plugin 'nf-tower@1.3.0'
May-10 14:49:18.865 [main] DEBUG nextflow.plugin.BasePlugin - Plugin started nf-tower@1.3.0
May-10 14:49:18.967 [main] DEBUG nextflow.Session - Session uuid: d5afb85a-47a0-40ca-b4bb-59883e547b0a
May-10 14:49:18.967 [main] DEBUG nextflow.Session - Run name: reverent_ampere
May-10 14:49:18.970 [main] DEBUG nextflow.Session - Executor pool size: 8
May-10 14:49:18.996 [main] DEBUG nextflow.cli.CmdRun - 
  Version: 21.10.6 build 5660
  Created: 21-12-2021 16:55 UTC (17:55 CEST)
  System: Linux 3.10.0-327.18.2.el7.x86_64
  Runtime: Groovy 3.0.9 on OpenJDK 64-Bit Server VM 1.8.0_91-b14
  Encoding: UTF-8 (UTF-8)
  Process: 4896@nextflow.linux.crg.es [172.21.11.132]
  CPUs: 8 - Mem: 94.2 GB (1.3 GB) - Swap: 16 GB (14.6 GB)
May-10 14:49:19.040 [main] DEBUG nextflow.Session - Work-dir: /nfs/users/bi/lcozzuto/aaa/CoursesCRG_Containers_Nextflow_May_2022/nextflow/examples/work [nfs]
May-10 14:49:19.041 [main] DEBUG nextflow.Session - Script base path does not exist or is not a directory: /nfs/users/bi/lcozzuto/aaa/CoursesCRG_Containers_Nextflow_May_2022/nextflow/examples/bin
May-10 14:49:19.053 [main] DEBUG nextflow.executor.ExecutorFactory - Extension executors providers=[]
May-10 14:49:19.075 [main] DEBUG nextflow.Session - Observer factory: DefaultObserverFactory
May-10 14:49:19.080 [main] DEBUG nextflow.Session - Observer factory: TowerFactory
May-10 14:49:19.239 [main] DEBUG nextflow.util.CustomThreadPool - Creating default thread pool > poolSize: 9; maxThreads: 1000
May-10 14:49:19.397 [main] DEBUG nextflow.Session - Session start invoked
May-10 14:49:20.442 [main] DEBUG nextflow.script.ScriptRunner - > Launching execution
May-10 14:49:20.521 [main] DEBUG nextflow.util.CustomThreadPool - Creating default thread pool > poolSize: 9; maxThreads: 1000
May-10 14:49:20.690 [main] DEBUG nextflow.Session - Workflow process names [dsl2]: 
May-10 14:49:20.691 [main] DEBUG nextflow.Session - Ignite dataflow network (1)
May-10 14:49:20.704 [main] DEBUG nextflow.script.ScriptRunner - > Await termination 
May-10 14:49:20.704 [main] DEBUG nextflow.Session - Session await
May-10 14:49:20.704 [main] DEBUG nextflow.Session - Session await > all process finished
May-10 14:49:20.704 [main] DEBUG nextflow.Session - Session await > all barriers passed
May-10 14:49:20.709 [PathVisitor-1] DEBUG nextflow.file.PathVisitor - files for syntax: glob; folder: ./; pattern: aaa_{1,2}.txt; options: [:]
May-10 14:49:21.242 [main] DEBUG nextflow.trace.WorkflowStatsObserver - Workflow completed > WorkflowStats[succeededCount=0; failedCount=0; ignoredCount=0; cachedCount=0; pendingCount=0; submittedCount=0; runningCount=0; retriesCount=0; abortedCount=0; succeedDuration=0ms; failedDuration=0ms; cachedDuration=0ms;loadCpus=0; loadMemory=0; peakRunning=0; peakCpus=0; peakMemory=0; ]
May-10 14:49:21.452 [main] DEBUG nextflow.CacheDB - Closing CacheDB done
May-10 14:49:21.452 [main] INFO  org.pf4j.AbstractPluginManager - Stop plugin 'nf-tower@1.3.0'
May-10 14:49:21.452 [main] DEBUG nextflow.plugin.BasePlugin - Plugin stopped nf-tower
May-10 14:49:21.487 [main] DEBUG nextflow.script.ScriptRunner - > Execution complete -- Goodbye
